<?xml version="1.0" encoding="UTF-8"?>
<testsuite xmlns:xsi="http://www.w3.org/2001/XMLSchema-instance" xsi:noNamespaceSchemaLocation="https://maven.apache.org/surefire/maven-surefire-plugin/xsd/surefire-test-report.xsd" name="website.tbd.developer.site.docs.tbdex.wallet.GetMatchedOfferingsTest" time="0.195" tests="3" errors="0" skipped="0" failures="0">
  <properties>
[...]
</properties>
  <testcase name="presentation definition is correctly extracted from offering" classname="website.tbd.developer.site.docs.tbdex.wallet.GetMatchedOfferingsTest" time="0.009"/>
  <testcase name="selects credentials based on required claims from offering" classname="website.tbd.developer.site.docs.tbdex.wallet.GetMatchedOfferingsTest" time="0.003"/>
  <testcase name="match offerings with specific criteria" classname="website.tbd.developer.site.docs.tbdex.wallet.GetMatchedOfferingsTest" time="0.181"/>
</testsuite>